<?xml version='1.0' encoding='UTF-8'?>
<hotspot_log version='160 1' process='13966' time_ms='1297110848400'>
<vm_version>
<name>
Java HotSpot(TM) 64-Bit Server VM
</name>
<release>
20.0-b08-fastdebug
</release>
<info>
Java HotSpot(TM) 64-Bit Server VM (20.0-b08-fastdebug) for linux-amd64 JRE (1.6.0_25-ea-fastdebug-b01), built on Jan 27 2011 14:34:08 by &quot;java_re&quot; with gcc 3.2.2 (SuSE Linux)
</info>
</vm_version>
<vm_arguments>
<args>
-XX:+PrintAssembly 
</args>
<command>
com.altdevblogaday.dodinjava.DOD
</command>
<launcher>
SUN_STANDARD
</launcher>
<properties>
java.vm.specification.name=Java Virtual Machine Specification
java.vm.version=20.0-b08-fastdebug
java.vm.name=Java HotSpot(TM) 64-Bit Server VM
java.vm.info=mixed mode, sharing
java.ext.dirs=/home/sean/bin/jdk1.6.0_25/jre/lib/ext:/usr/java/packages/lib/ext
java.endorsed.dirs=/home/sean/bin/jdk1.6.0_25/jre/lib/endorsed
sun.boot.library.path=/home/sean/bin/jdk1.6.0_25/jre/lib/amd64
java.library.path=/home/sean/bin/jdk1.6.0_25/jre/lib/amd64/server:/home/sean/bin/jdk1.6.0_25/jre/lib/amd64:/home/sean/bin/jdk1.6.0_25/jre/../lib/amd64:/usr/java/packages/lib/amd64:/usr/lib64:/lib64:/lib:/usr/lib
java.home=/home/sean/bin/jdk1.6.0_25/jre
java.class.path=target/classes/
sun.boot.class.path=/home/sean/bin/jdk1.6.0_25/jre/lib/resources.jar:/home/sean/bin/jdk1.6.0_25/jre/lib/rt.jar:/home/sean/bin/jdk1.6.0_25/jre/lib/sunrsasign.jar:/home/sean/bin/jdk1.6.0_25/jre/lib/jsse.jar:/home/sean/bin/jdk1.6.0_25/jre/lib/jce.jar:/home/sean/bin/jdk1.6.0_25/jre/lib/charsets.jar:/home/sean/bin/jdk1.6.0_25/jre/lib/modules/jdk.boot.jar:/home/sean/bin/jdk1.6.0_25/jre/classes
java.vm.specification.vendor=Sun Microsystems Inc.
java.vm.specification.version=1.0
java.vm.vendor=Sun Microsystems Inc.
sun.java.command=com.altdevblogaday.dodinjava.DOD
sun.java.launcher=SUN_STANDARD
</properties>
</vm_arguments>
<tty>
Java HotSpot(TM) 64-Bit Server VM warning: PrintAssembly is enabled; turning on DebugNonSafepoints to gain additional output
<writer thread='140518111090432'/>
Loaded disassembler from hsdis-amd64.so
<writer thread='140517976872704'/>
Loaded disassembler from hsdis-amd64.so
<writer thread='140518111090432'/>
<writer thread='140517976872704'/>
Decoding compiled method 0x00007fcced3d2410:
Code:
[Disassembling for mach=&apos;i386:x86-64&apos;]
[Entry Point]
[Verified Entry Point]
[Constants]
  # {method} &apos;multiply&apos; &apos;(D)V&apos; in &apos;com/altdevblogaday/dodinjava/Vectors&apos;
  0x00007fcced3d2560: callq  0x00007fccf1ef2de0  ;   {runtime_call}
  0x00007fcced3d2565: nop    
  0x00007fcced3d2566: nop    
  0x00007fcced3d2567: nop    
  0x00007fcced3d2568: nop    
  0x00007fcced3d2569: nop    
  0x00007fcced3d256a: nop    
  0x00007fcced3d256b: nop    
  0x00007fcced3d256c: nop    
  0x00007fcced3d256d: nop    
  0x00007fcced3d256e: nop    
  0x00007fcced3d256f: nop    
  0x00007fcced3d2570: mov    %eax,-0x8000(%rsp)
  0x00007fcced3d2577: push   %rbp
  0x00007fcced3d2578: sub    $0x20,%rsp
  0x00007fcced3d257c: mov    (%rsi),%ebx
  0x00007fcced3d257e: mov    0x18(%rsi),%rbp
  0x00007fcced3d2582: movsd  0x8(%rsi),%xmm0
  0x00007fcced3d2587: movsd  %xmm0,(%rsp)
  0x00007fcced3d258c: mov    %rsi,%rdi
  0x00007fcced3d258f: mov    $0x7fccf1fdfbe0,%r10
  0x00007fcced3d2599: callq  *%r10
  0x00007fcced3d259c: mov    0x8(%rbp),%r10d    ; implicit exception: dispatches to 0x00007fcced3d27e1
  0x00007fcced3d25a0: cmp    $0xbd2b71f0,%r10d  ;   {oop(&apos;com/altdevblogaday/dodinjava/Vectors&apos;)}
  0x00007fcced3d25a7: jne    0x00007fcced3d27cd  ;*iload_3
                                                ; - com.altdevblogaday.dodinjava.Vectors::multiply@2 (line 18)
  0x00007fcced3d25ad: rex mov    0xc(%rbp),%edi  ;*getfield x
                                                ; - com.altdevblogaday.dodinjava.Vectors::multiply@4 (line 18)
  0x00007fcced3d25b1: mov    0xc(%rdi),%ecx     ;*arraylength
                                                ; - com.altdevblogaday.dodinjava.Vectors::multiply@7 (line 18)
                                                ; implicit exception: dispatches to 0x00007fcced3d27f1
  0x00007fcced3d25b4: cmp    %ecx,%ebx
  0x00007fcced3d25b6: jge    0x00007fcced3d27ad  ;*if_icmpge
                                                ; - com.altdevblogaday.dodinjava.Vectors::multiply@8 (line 18)
  0x00007fcced3d25bc: cmp    %ecx,%ebx
  0x00007fcced3d25be: jae    0x00007fcced3d27b9
  0x00007fcced3d25c4: mov    %ecx,%r8d
  0x00007fcced3d25c7: dec    %r8d
  0x00007fcced3d25ca: cmp    %ecx,%r8d
  0x00007fcced3d25cd: jae    0x00007fcced3d27b9
  0x00007fcced3d25d3: rex mov    0x10(%rbp),%esi  ;*getfield y
                                                ; - com.altdevblogaday.dodinjava.Vectors::multiply@22 (line 21)
  0x00007fcced3d25d7: mov    0xc(%rsi),%r10d    ;*daload
                                                ; - com.altdevblogaday.dodinjava.Vectors::multiply@27 (line 21)
                                                ; implicit exception: dispatches to 0x00007fcced3d27b9
  0x00007fcced3d25db: cmp    %r10d,%ebx
  0x00007fcced3d25de: jae    0x00007fcced3d27b9
  0x00007fcced3d25e4: cmp    %r10d,%r8d
  0x00007fcced3d25e7: jae    0x00007fcced3d27b9
  0x00007fcced3d25ed: mov    0x14(%rbp),%r11d   ;*getfield z
                                                ; - com.altdevblogaday.dodinjava.Vectors::multiply@32 (line 22)
  0x00007fcced3d25f1: mov    0xc(%r11),%r9d     ;*daload
                                                ; - com.altdevblogaday.dodinjava.Vectors::multiply@37 (line 22)
                                                ; implicit exception: dispatches to 0x00007fcced3d27b9
  0x00007fcced3d25f5: cmp    %r9d,%ebx
  0x00007fcced3d25f8: jae    0x00007fcced3d27b9
  0x00007fcced3d25fe: cmp    %r9d,%r8d
  0x00007fcced3d2601: jae    0x00007fcced3d27b9
  0x00007fcced3d2607: mov    %ebx,%r10d
  0x00007fcced3d260a: inc    %r10d              ;*aload_0
                                                ; - com.altdevblogaday.dodinjava.Vectors::multiply@11 (line 20)
  0x00007fcced3d260d: movsd  0x10(%rdi,%rbx,8),%xmm0  ;*daload
                                                ; - com.altdevblogaday.dodinjava.Vectors::multiply@17 (line 20)
  0x00007fcced3d2613: mulsd  (%rsp),%xmm0
  0x00007fcced3d2618: movsd  %xmm0,0x10(%rdi,%rbx,8)  ;*dastore
                                                ; - com.altdevblogaday.dodinjava.Vectors::multiply@20 (line 20)
  0x00007fcced3d261e: movsd  0x10(%rsi,%rbx,8),%xmm0  ;*daload
                                                ; - com.altdevblogaday.dodinjava.Vectors::multiply@27 (line 21)
  0x00007fcced3d2624: mulsd  (%rsp),%xmm0
  0x00007fcced3d2629: movsd  %xmm0,0x10(%rsi,%rbx,8)  ;*dastore
                                                ; - com.altdevblogaday.dodinjava.Vectors::multiply@30 (line 21)
  0x00007fcced3d262f: movsd  0x10(%r11,%rbx,8),%xmm0  ;*daload
                                                ; - com.altdevblogaday.dodinjava.Vectors::multiply@37 (line 22)
  0x00007fcced3d2636: mulsd  (%rsp),%xmm0
  0x00007fcced3d263b: movsd  %xmm0,0x10(%r11,%rbx,8)  ;*dastore
                                                ; - com.altdevblogaday.dodinjava.Vectors::multiply@40 (line 22)
  0x00007fcced3d2642: inc    %ebx               ;*iinc
                                                ; - com.altdevblogaday.dodinjava.Vectors::multiply@41 (line 18)
  0x00007fcced3d2644: cmp    %r10d,%ebx
  0x00007fcced3d2647: jl     0x00007fcced3d260d
  0x00007fcced3d2649: mov    %ecx,%r10d
  0x00007fcced3d264c: sub    %ebx,%r10d
  0x00007fcced3d264f: and    $0xfffffffffffffffc,%r10d
  0x00007fcced3d2653: add    %ebx,%r10d
  0x00007fcced3d2656: cmp    %r10d,%ebx
  0x00007fcced3d2659: jl     0x00007fcced3d2673
  0x00007fcced3d265b: mov    %ebx,%r9d
  0x00007fcced3d265e: jmpq   0x00007fcced3d2766
  0x00007fcced3d2663: nop    
  0x00007fcced3d2664: nop    
  0x00007fcced3d2665: nop    
  0x00007fcced3d2666: nop    
  0x00007fcced3d2667: nop    
  0x00007fcced3d2668: nop    
  0x00007fcced3d2669: nop    
  0x00007fcced3d266a: nop    
  0x00007fcced3d266b: nop    
  0x00007fcced3d266c: nop    
  0x00007fcced3d266d: nop    
  0x00007fcced3d266e: nop    
  0x00007fcced3d266f: nop    
  0x00007fcced3d2670: mov    %r9d,%ebx          ;*aload_0
                                                ; - com.altdevblogaday.dodinjava.Vectors::multiply@11 (line 20)
  0x00007fcced3d2673: movsd  0x10(%rdi,%rbx,8),%xmm0  ;*daload
                                                ; - com.altdevblogaday.dodinjava.Vectors::multiply@17 (line 20)
  0x00007fcced3d2679: mulsd  (%rsp),%xmm0
  0x00007fcced3d267e: movsd  %xmm0,0x10(%rdi,%rbx,8)  ;*dastore
                                                ; - com.altdevblogaday.dodinjava.Vectors::multiply@20 (line 20)
  0x00007fcced3d2684: movsd  0x10(%rsi,%rbx,8),%xmm0  ;*daload
                                                ; - com.altdevblogaday.dodinjava.Vectors::multiply@27 (line 21)
  0x00007fcced3d268a: mulsd  (%rsp),%xmm0
  0x00007fcced3d268f: movsd  %xmm0,0x10(%rsi,%rbx,8)  ;*dastore
                                                ; - com.altdevblogaday.dodinjava.Vectors::multiply@30 (line 21)
  0x00007fcced3d2695: movsd  0x10(%r11,%rbx,8),%xmm0  ;*daload
                                                ; - com.altdevblogaday.dodinjava.Vectors::multiply@37 (line 22)
  0x00007fcced3d269c: mulsd  (%rsp),%xmm0
  0x00007fcced3d26a1: movsd  %xmm0,0x10(%r11,%rbx,8)  ;*dastore
                                                ; - com.altdevblogaday.dodinjava.Vectors::multiply@40 (line 22)
  0x00007fcced3d26a8: mov    %ebx,%r9d
  0x00007fcced3d26ab: add    $0x4,%r9d          ;*iinc
                                                ; - com.altdevblogaday.dodinjava.Vectors::multiply@41 (line 18)
  0x00007fcced3d26af: movslq %ebx,%r8
  0x00007fcced3d26b2: movsd  0x18(%rdi,%r8,8),%xmm0  ;*daload
                                                ; - com.altdevblogaday.dodinjava.Vectors::multiply@17 (line 20)
  0x00007fcced3d26b9: mulsd  (%rsp),%xmm0
  0x00007fcced3d26be: movsd  %xmm0,0x18(%rdi,%r8,8)  ;*dastore
                                                ; - com.altdevblogaday.dodinjava.Vectors::multiply@20 (line 20)
  0x00007fcced3d26c5: movsd  0x18(%rsi,%r8,8),%xmm0  ;*daload
                                                ; - com.altdevblogaday.dodinjava.Vectors::multiply@27 (line 21)
  0x00007fcced3d26cc: mulsd  (%rsp),%xmm0
  0x00007fcced3d26d1: movsd  %xmm0,0x18(%rsi,%r8,8)  ;*dastore
                                                ; - com.altdevblogaday.dodinjava.Vectors::multiply@30 (line 21)
  0x00007fcced3d26d8: movsd  0x18(%r11,%r8,8),%xmm0  ;*daload
                                                ; - com.altdevblogaday.dodinjava.Vectors::multiply@37 (line 22)
  0x00007fcced3d26df: mulsd  (%rsp),%xmm0
  0x00007fcced3d26e4: movsd  %xmm0,0x18(%r11,%r8,8)  ;*dastore
                                                ; - com.altdevblogaday.dodinjava.Vectors::multiply@40 (line 22)
  0x00007fcced3d26eb: movsd  0x20(%rdi,%r8,8),%xmm0  ;*daload
                                                ; - com.altdevblogaday.dodinjava.Vectors::multiply@17 (line 20)
  0x00007fcced3d26f2: mulsd  (%rsp),%xmm0
  0x00007fcced3d26f7: movsd  %xmm0,0x20(%rdi,%r8,8)  ;*dastore
                                                ; - com.altdevblogaday.dodinjava.Vectors::multiply@20 (line 20)
  0x00007fcced3d26fe: movsd  0x20(%rsi,%r8,8),%xmm0  ;*daload
                                                ; - com.altdevblogaday.dodinjava.Vectors::multiply@27 (line 21)
  0x00007fcced3d2705: mulsd  (%rsp),%xmm0
  0x00007fcced3d270a: movsd  %xmm0,0x20(%rsi,%r8,8)  ;*dastore
                                                ; - com.altdevblogaday.dodinjava.Vectors::multiply@30 (line 21)
  0x00007fcced3d2711: movsd  0x20(%r11,%r8,8),%xmm0  ;*daload
                                                ; - com.altdevblogaday.dodinjava.Vectors::multiply@37 (line 22)
  0x00007fcced3d2718: mulsd  (%rsp),%xmm0
  0x00007fcced3d271d: movsd  %xmm0,0x20(%r11,%r8,8)  ;*dastore
                                                ; - com.altdevblogaday.dodinjava.Vectors::multiply@40 (line 22)
  0x00007fcced3d2724: movsd  0x28(%rdi,%r8,8),%xmm0  ;*daload
                                                ; - com.altdevblogaday.dodinjava.Vectors::multiply@17 (line 20)
  0x00007fcced3d272b: mulsd  (%rsp),%xmm0
  0x00007fcced3d2730: movsd  %xmm0,0x28(%rdi,%r8,8)  ;*dastore
                                                ; - com.altdevblogaday.dodinjava.Vectors::multiply@20 (line 20)
  0x00007fcced3d2737: movsd  0x28(%rsi,%r8,8),%xmm0  ;*daload
                                                ; - com.altdevblogaday.dodinjava.Vectors::multiply@27 (line 21)
  0x00007fcced3d273e: mulsd  (%rsp),%xmm0
  0x00007fcced3d2743: movsd  %xmm0,0x28(%rsi,%r8,8)  ;*dastore
                                                ; - com.altdevblogaday.dodinjava.Vectors::multiply@30 (line 21)
  0x00007fcced3d274a: movsd  0x28(%r11,%r8,8),%xmm0  ;*daload
                                                ; - com.altdevblogaday.dodinjava.Vectors::multiply@37 (line 22)
  0x00007fcced3d2751: mulsd  (%rsp),%xmm0
  0x00007fcced3d2756: movsd  %xmm0,0x28(%r11,%r8,8)  ;*dastore
                                                ; - com.altdevblogaday.dodinjava.Vectors::multiply@40 (line 22)
  0x00007fcced3d275d: cmp    %r10d,%r9d
  0x00007fcced3d2760: jl     0x00007fcced3d2670
  0x00007fcced3d2766: cmp    %ecx,%r9d
  0x00007fcced3d2769: jge    0x00007fcced3d27ad
  0x00007fcced3d276b: nop                       ;*aload_0
                                                ; - com.altdevblogaday.dodinjava.Vectors::multiply@11 (line 20)
  0x00007fcced3d276c: movsd  0x10(%rdi,%r9,8),%xmm0  ;*daload
                                                ; - com.altdevblogaday.dodinjava.Vectors::multiply@17 (line 20)
  0x00007fcced3d2773: mulsd  (%rsp),%xmm0
  0x00007fcced3d2778: movsd  %xmm0,0x10(%rdi,%r9,8)  ;*dastore
                                                ; - com.altdevblogaday.dodinjava.Vectors::multiply@20 (line 20)
  0x00007fcced3d277f: movsd  0x10(%rsi,%r9,8),%xmm0  ;*daload
                                                ; - com.altdevblogaday.dodinjava.Vectors::multiply@27 (line 21)
  0x00007fcced3d2786: mulsd  (%rsp),%xmm0
  0x00007fcced3d278b: movsd  %xmm0,0x10(%rsi,%r9,8)  ;*dastore
                                                ; - com.altdevblogaday.dodinjava.Vectors::multiply@30 (line 21)
  0x00007fcced3d2792: movsd  0x10(%r11,%r9,8),%xmm0  ;*daload
                                                ; - com.altdevblogaday.dodinjava.Vectors::multiply@37 (line 22)
  0x00007fcced3d2799: mulsd  (%rsp),%xmm0
  0x00007fcced3d279e: movsd  %xmm0,0x10(%r11,%r9,8)  ;*dastore
                                                ; - com.altdevblogaday.dodinjava.Vectors::multiply@40 (line 22)
  0x00007fcced3d27a5: inc    %r9d               ;*iinc
                                                ; - com.altdevblogaday.dodinjava.Vectors::multiply@41 (line 18)
  0x00007fcced3d27a8: cmp    %ecx,%r9d
  0x00007fcced3d27ab: jl     0x00007fcced3d276c  ;*iload_3
                                                ; - com.altdevblogaday.dodinjava.Vectors::multiply@2 (line 18)
  0x00007fcced3d27ad: add    $0x20,%rsp
  0x00007fcced3d27b1: pop    %rbp
  0x00007fcced3d27b2: test   %eax,0x5ca9848(%rip)        # 0x00007fccf307c000
                                                ;   {poll_return}
  0x00007fcced3d27b8: retq   
  0x00007fcced3d27b9: mov    $0xffffff86,%esi
  0x00007fcced3d27be: mov    %ebx,0x8(%rsp)
  0x00007fcced3d27c2: nop    
  0x00007fcced3d27c3: callq  0x00007fcced3abea0  ; OopMap{rbp=Oop off=616}
                                                ;*aload_0
                                                ; - com.altdevblogaday.dodinjava.Vectors::multiply@11 (line 20)
                                                ;   {runtime_call}
  0x00007fcced3d27c8: callq  0x00007fccf1ef2de0  ;   {runtime_call}
  0x00007fcced3d27cd: mov    $0xffffffad,%esi
  0x00007fcced3d27d2: mov    %ebx,0x8(%rsp)
  0x00007fcced3d27d6: nop    
  0x00007fcced3d27d7: callq  0x00007fcced3abea0  ; OopMap{rbp=Oop off=636}
                                                ;*iload_3
                                                ; - com.altdevblogaday.dodinjava.Vectors::multiply@2 (line 18)
                                                ;   {runtime_call}
  0x00007fcced3d27dc: callq  0x00007fccf1ef2de0  ;*getfield x
                                                ; - com.altdevblogaday.dodinjava.Vectors::multiply@4 (line 18)
                                                ;   {runtime_call}
  0x00007fcced3d27e1: mov    $0xfffffff6,%esi
  0x00007fcced3d27e6: nop    
  0x00007fcced3d27e7: callq  0x00007fcced3abea0  ; OopMap{off=652}
                                                ;*getfield x
                                                ; - com.altdevblogaday.dodinjava.Vectors::multiply@4 (line 18)
                                                ;   {runtime_call}
  0x00007fcced3d27ec: callq  0x00007fccf1ef2de0  ;   {runtime_call}
  0x00007fcced3d27f1: mov    $0xfffffff6,%esi
  0x00007fcced3d27f6: nop    
  0x00007fcced3d27f7: callq  0x00007fcced3abea0  ; OopMap{off=668}
                                                ;*arraylength
                                                ; - com.altdevblogaday.dodinjava.Vectors::multiply@7 (line 18)
                                                ;   {runtime_call}
  0x00007fcced3d27fc: callq  0x00007fccf1ef2de0  ;*aload_0
                                                ; - com.altdevblogaday.dodinjava.Vectors::multiply@11 (line 20)
                                                ;   {runtime_call}
  0x00007fcced3d2801: hlt    
  0x00007fcced3d2802: hlt    
  0x00007fcced3d2803: hlt    
  0x00007fcced3d2804: hlt    
  0x00007fcced3d2805: hlt    
  0x00007fcced3d2806: hlt    
  0x00007fcced3d2807: hlt    
  0x00007fcced3d2808: hlt    
  0x00007fcced3d2809: hlt    
  0x00007fcced3d280a: hlt    
  0x00007fcced3d280b: hlt    
  0x00007fcced3d280c: hlt    
  0x00007fcced3d280d: hlt    
  0x00007fcced3d280e: hlt    
  0x00007fcced3d280f: hlt    
  0x00007fcced3d2810: hlt    
  0x00007fcced3d2811: hlt    
  0x00007fcced3d2812: hlt    
  0x00007fcced3d2813: hlt    
  0x00007fcced3d2814: hlt    
  0x00007fcced3d2815: hlt    
  0x00007fcced3d2816: hlt    
  0x00007fcced3d2817: hlt    
  0x00007fcced3d2818: hlt    
  0x00007fcced3d2819: hlt    
  0x00007fcced3d281a: hlt    
  0x00007fcced3d281b: hlt    
  0x00007fcced3d281c: hlt    
  0x00007fcced3d281d: hlt    
  0x00007fcced3d281e: hlt    
  0x00007fcced3d281f: hlt    
[Exception Handler]
[Stub Code]
  0x00007fcced3d2820: jmpq   0x00007fcced3bb720  ;   {no_reloc}
[Deopt Handler Code]
  0x00007fcced3d2825: callq  0x00007fcced3d282a
  0x00007fcced3d282a: subq   $0x5,(%rsp)
  0x00007fcced3d282f: jmpq   0x00007fcced3ad7e0  ;   {runtime_call}
  0x00007fcced3d2834: int3   
  0x00007fcced3d2835: int3   
  0x00007fcced3d2836: int3   
  0x00007fcced3d2837: int3   
<writer thread='140518111090432'/>
Decoding compiled method 0x00007fcced3d4a90:
Code:
[Constants]
  0x00007fcced3d4c60 (offset:    0): 0x33333333   0x4007333333333333
  0x00007fcced3d4c64 (offset:    4): 0x40073333
  0x00007fcced3d4c68 (offset:    8): 0x33333333   0x400b333333333333
  0x00007fcced3d4c6c (offset:   12): 0x400b3333
  0x00007fcced3d4c70 (offset:   16): 0x9999999a   0x3ff199999999999a
  0x00007fcced3d4c74 (offset:   20): 0x3ff19999
  0x00007fcced3d4c78 (offset:   24): 0xf4f4f4f4   0xf4f4f4f4f4f4f4f4
  0x00007fcced3d4c7c (offset:   28): 0xf4f4f4f4
[Disassembling for mach=&apos;i386:x86-64&apos;]
[Entry Point]
[Verified Entry Point]
  # {method} &apos;main&apos; &apos;([Ljava/lang/String;)V&apos; in &apos;com/altdevblogaday
<writer thread='140518194894592'/>
C1 Runtime statistics:
 _resolve_invoke_virtual_cnt:     0
 _resolve_invoke_opt_virtual_cnt: 0
 _resolve_invoke_static_cnt:      0
 _handle_wrong_method_cnt:        0
 _ic_miss_cnt:                    0
 _generic_arraycopy_cnt:          0
 _primitive_arraycopy_cnt:        0
 _oop_arraycopy_cnt:              0
 _arraycopy_slowcase_cnt:         0
 _new_type_array_slowcase_cnt:    0
 _new_object_array_slowcase_cnt:  0
 _new_instance_slowcase_cnt:      0
 _new_multi_array_slowcase_cnt:   0
 _monitorenter_slowcase_cnt:      0
 _monitorexit_slowcase_cnt:       0
 _patch_code_slowcase_cnt:        0
 _throw_range_check_exception_count:            0:
 _throw_index_exception_count:                  0:
 _throw_div0_exception_count:                   0:
 _throw_null_pointer_exception_count:           0:
 _throw_class_cast_exception_count:             0:
 _throw_incompatible_class_change_error_count:  0:
 _throw_array_store_exception_count:            0:
 _throw_count:                                  0:

<statistics type='nmethod'>
Statistics for 2 bytecoded nmethods:
 total in heap  = 5312
 relocation     = 200
 constants      = 32
 main code      = 1984
 stub code      = 64
 oops           = 64
 scopes data    = 328
 scopes pcs     = 1904
 dependencies   = 16
 handler table  = 48
 nul chk table  = 72
Debug Data Chunks: 144, shared 22+61, non-SP&apos;s elided 0
PcDesc Statistics:  199 queries, 3.50 comparisons per query
  caches=2 queries=199/199, hits=110+32, tests=506+190, adds=57
</statistics>
<statistics type='opto'>
--- Compiler Statistics ---
Methods seen: 4  Methods parsed: 4  Nodes created: 4221
Blocks parsed: 10  Blocks seen: 10
27 original NULL checks - 15 elided (55%); optimizer leaves 24,
7 made implicit (29%)
CCP: 2  constants found: 0
Total frameslots = 84, Max frameslots = 32
Inserted 0 spill loads, 0 spill stores, 0 mem-mem moves and 0 copies.
Total load cost=      0, store cost =      0, mem-mem cost =  0.00, copy cost =     0.
Adjusted spill cost =       0.
Conservatively coalesced 38 copies, 0 pairs, 0 post alloc.
Used cisc instruction  18,  remained in register 30
Average allocation trips 1.000000
High Pressure Blocks = 0, Low Pressure Blocks = 0
Nops added 0 bytes to total of 3563 bytes, for 0.00%
Peephole: peephole rules applied: 0
PhaseIdealLoop=14, sum _unique=7975
</statistics>
<statistics type='SharedRuntime'>
    0 inline cache miss in compiled
    0 wrong method
    0 unresolved static call site
    0 unresolved virtual call site
    0 unresolved opt virtual call site
    2 slow partial subtype
   12 byte array copies
   12 short array copies
   12 int array copies
   12 long array copies
AdapterHandlerTable: empty 185 longest 3 total 122 average 1.129630
AdapterHandlerTable: lookups 4325 buckets 4585 equals 4204 hits 4203 compact 4203
</statistics>
<writer thread='140518118074112'/>
<destroy_vm stamp='0.552'/>
<writer thread='140518111090432'/>
/dodinjava/DOD&apos;
  0x00007fcced3d4c80: callq  0x00007fccf1ef2de0  ;   {no_reloc}
  0x00007fcced3d4c85: nop    
  0x00007fcced3d4c86: nop    
  0x00007fcced3d4c87: nop    
  0x00007fcced3d4c88: nop    
  0x00007fcced3d4c89: nop    
  0x00007fcced3d4c8a: nop    
  0x00007fcced3d4c8b: nop    
  0x00007fcced3d4c8c: nop    
  0x00007fcced3d4c8d: nop    
  0x00007fcced3d4c8e: nop    
  0x00007fcced3d4c8f: nop    
  0x00007fcced3d4c90: mov    %eax,-0x8000(%rsp)
  0x00007fcced3d4c97: push   %rbp
  0x00007fcced3d4c98: sub    $0x30,%rsp
  0x00007fcced3d4c9c: rex mov    (%rsi),%ebp
  0x00007fcced3d4c9f: mov    0x8(%rsi),%r14
  0x00007fcced3d4ca3: mov    0x18(%rsi),%rbx
  0x00007fcced3d4ca7: mov    0x10(%rsi),%r13
  0x00007fcced3d4cab: mov    %rsi,%rdi
  0x00007fcced3d4cae: mov    $0x7fccf1fdfbe0,%r10
  0x00007fcced3d4cb8: callq  *%r10
  0x00007fcced3d4cbb: test   %rbx,%rbx
  0x00007fcced3d4cbe: je     0x00007fcced3d50bd
  0x00007fcced3d4cc4: mov    0x8(%rbx),%r11d
  0x00007fcced3d4cc8: cmp    $0xbd000bd0,%r11d  ;   {oop({type array double})}
  0x00007fcced3d4ccf: jne    0x00007fcced3d5121
  0x00007fcced3d4cd5: mov    %rbx,%r9
  0x00007fcced3d4cd8: test   %r13,%r13
  0x00007fcced3d4cdb: je     0x00007fcced3d50c5
  0x00007fcced3d4ce1: mov    0x8(%r13),%r10d
  0x00007fcced3d4ce5: cmp    $0xbd000bd0,%r10d  ;   {oop({type array double})}
  0x00007fcced3d4cec: jne    0x00007fcced3d5121
  0x00007fcced3d4cf2: mov    %r13,%rcx
  0x00007fcced3d4cf5: test   %r14,%r14
  0x00007fcced3d4cf8: je     0x00007fcced3d50cc
  0x00007fcced3d4cfe: mov    0x8(%r14),%r11d
  0x00007fcced3d4d02: cmp    $0xbd000bd0,%r11d  ;   {oop({type array double})}
  0x00007fcced3d4d09: jne    0x00007fcced3d5121  ;*iload
                                                ; - com.altdevblogaday.dodinjava.DOD::main@18 (line 12)
  0x00007fcced3d4d0f: mov    0xc(%r9),%ebx      ;*arraylength
                                                ; - com.altdevblogaday.dodinjava.DOD::main@21 (line 12)
                                                ; implicit exception: dispatches to 0x00007fcced3d5141
  0x00007fcced3d4d13: cmp    %ebx,%ebp
  0x00007fcced3d4d15: jge    0x00007fcced3d4ea1  ;*if_icmpge
                                                ; - com.altdevblogaday.dodinjava.DOD::main@22 (line 12)
  0x00007fcced3d4d1b: cmp    %ebx,%ebp
  0x00007fcced3d4d1d: jae    0x00007fcced3d5101
  0x00007fcced3d4d23: mov    %ebx,%r10d
  0x00007fcced3d4d26: dec    %r10d
  0x00007fcced3d4d29: cmp    %ebx,%r10d
  0x00007fcced3d4d2c: jae    0x00007fcced3d5101
  0x00007fcced3d4d32: mov    0xc(%rcx),%r8d     ;*dastore
                                                ; - com.altdevblogaday.dodinjava.DOD::main@38 (line 15)
                                                ; implicit exception: dispatches to 0x00007fcced3d5101
  0x00007fcced3d4d36: cmp    %r8d,%ebp
  0x00007fcced3d4d39: jae    0x00007fcced3d5101
  0x00007fcced3d4d3f: cmp    %r8d,%r10d
  0x00007fcced3d4d42: jae    0x00007fcced3d5101
  0x00007fcced3d4d48: mov    0xc(%r14),%r8d     ;*dastore
                                                ; - com.altdevblogaday.dodinjava.DOD::main@45 (line 16)
                                                ; implicit exception: dispatches to 0x00007fcced3d5101
  0x00007fcced3d4d4c: cmp    %r8d,%ebp
  0x00007fcced3d4d4f: jae    0x00007fcced3d5101
  0x00007fcced3d4d55: cmp    %r8d,%r10d
  0x00007fcced3d4d58: jae    0x00007fcced3d5101
  0x00007fcced3d4d5e: mov    %ebp,%r10d
  0x00007fcced3d4d61: inc    %r10d
  0x00007fcced3d4d64: movsd  -0x10c(%rip),%xmm0        # 0x00007fcced3d4c60
                                                ;   {section_word}
  0x00007fcced3d4d6c: movsd  -0x10c(%rip),%xmm1        # 0x00007fcced3d4c68
                                                ;   {section_word}
  0x00007fcced3d4d74: movsd  -0x10c(%rip),%xmm2        # 0x00007fcced3d4c70
                                                ;*aload_1
                                                ; - com.altdevblogaday.dodinjava.DOD::main@25 (line 14)
                                                ;   {section_word}
  0x00007fcced3d4d7c: movsd  %xmm2,0x10(%r9,%rbp,8)  ;*dastore
                                                ; - com.altdevblogaday.dodinjava.DOD::main@31 (line 14)
  0x00007fcced3d4d83: movsd  %xmm0,0x10(%rcx,%rbp,8)  ;*dastore
                                                ; - com.altdevblogaday.dodinjava.DOD::main@38 (line 15)
  0x00007fcced3d4d89: movsd  %xmm1,0x10(%r14,%rbp,8)  ;*dastore
                                                ; - com.altdevblogaday.dodinjava.DOD::main@45 (line 16)
  0x00007fcced3d4d90: inc    %ebp               ;*iinc
                                                ; - com.altdevblogaday.dodinjava.DOD::main@46 (line 12)
  0x00007fcced3d4d92: cmp    %r10d,%ebp
  0x00007fcced3d4d95: jl     0x00007fcced3d4d7c
  0x00007fcced3d4d97: mov    %ebx,%r10d
  0x00007fcced3d4d9a: sub    %ebp,%r10d
  0x00007fcced3d4d9d: and    $0xfffffffffffffff8,%r10d
  0x00007fcced3d4da1: add    %ebp,%r10d
  0x00007fcced3d4da4: cmp    %r10d,%ebp
  0x00007fcced3d4da7: jl     0x00007fcced3d4dc3
  0x00007fcced3d4da9: mov    %ebp,%r11d
  0x00007fcced3d4dac: jmpq   0x00007fcced3d4e7d
  0x00007fcced3d4db1: nop    
  0x00007fcced3d4db2: nop    
  0x00007fcced3d4db3: nop    
  0x00007fcced3d4db4: nop    
  0x00007fcced3d4db5: nop    
  0x00007fcced3d4db6: nop    
  0x00007fcced3d4db7: nop    
  0x00007fcced3d4db8: nop    
  0x00007fcced3d4db9: nop    
  0x00007fcced3d4dba: nop    
  0x00007fcced3d4dbb: nop    
  0x00007fcced3d4dbc: nop    
  0x00007fcced3d4dbd: nop    
  0x00007fcced3d4dbe: nop    
  0x00007fcced3d4dbf: nop    
  0x00007fcced3d4dc0: mov    %r11d,%ebp         ;*aload_1
                                                ; - com.altdevblogaday.dodinjava.DOD::main@25 (line 14)
  0x00007fcced3d4dc3: movsd  %xmm2,0x10(%r9,%rbp,8)  ;*dastore
                                                ; - com.altdevblogaday.dodinjava.DOD::main@31 (line 14)
  0x00007fcced3d4dca: movsd  %xmm0,0x10(%rcx,%rbp,8)  ;*dastore
                                                ; - com.altdevblogaday.dodinjava.DOD::main@38 (line 15)
  0x00007fcced3d4dd0: movsd  %xmm1,0x10(%r14,%rbp,8)  ;*dastore
                                                ; - com.altdevblogaday.dodinjava.DOD::main@45 (line 16)
  0x00007fcced3d4dd7: mov    %ebp,%r11d
  0x00007fcced3d4dda: add    $0x8,%r11d         ;*iinc
                                                ; - com.altdevblogaday.dodinjava.DOD::main@46 (line 12)
  0x00007fcced3d4dde: movslq %ebp,%r8
  0x00007fcced3d4de1: movsd  %xmm2,0x18(%r9,%r8,8)  ;*dastore
                                                ; - com.altdevblogaday.dodinjava.DOD::main@31 (line 14)
  0x00007fcced3d4de8: movsd  %xmm0,0x18(%rcx,%r8,8)  ;*dastore
                                                ; - com.altdevblogaday.dodinjava.DOD::main@38 (line 15)
  0x00007fcced3d4def: movsd  %xmm1,0x18(%r14,%r8,8)  ;*dastore
                                                ; - com.altdevblogaday.dodinjava.DOD::main@45 (line 16)
  0x00007fcced3d4df6: movsd  %xmm2,0x20(%r9,%r8,8)  ;*dastore
                                                ; - com.altdevblogaday.dodinjava.DOD::main@31 (line 14)
  0x00007fcced3d4dfd: movsd  %xmm0,0x20(%rcx,%r8,8)  ;*dastore
                                                ; - com.altdevblogaday.dodinjava.DOD::main@38 (line 15)
  0x00007fcced3d4e04: movsd  %xmm1,0x20(%r14,%r8,8)  ;*dastore
                                                ; - com.altdevblogaday.dodinjava.DOD::main@45 (line 16)
  0x00007fcced3d4e0b: movsd  %xmm2,0x28(%r9,%r8,8)  ;*dastore
                                                ; - com.altdevblogaday.dodinjava.DOD::main@31 (line 14)
  0x00007fcced3d4e12: movsd  %xmm0,0x28(%rcx,%r8,8)  ;*dastore
                                                ; - com.altdevblogaday.dodinjava.DOD::main@38 (line 15)
  0x00007fcced3d4e19: movsd  %xmm1,0x28(%r14,%r8,8)  ;*dastore
                                                ; - com.altdevblogaday.dodinjava.DOD::main@45 (line 16)
  0x00007fcced3d4e20: movsd  %xmm2,0x30(%r9,%r8,8)  ;*dastore
                                                ; - com.altdevblogaday.dodinjava.DOD::main@31 (line 14)
  0x00007fcced3d4e27: movsd  %xmm0,0x30(%rcx,%r8,8)  ;*dastore
                                                ; - com.altdevblogaday.dodinjava.DOD::main@38 (line 15)
  0x00007fcced3d4e2e: movsd  %xmm1,0x30(%r14,%r8,8)  ;*dastore
                                                ; - com.altdevblogaday.dodinjava.DOD::main@45 (line 16)
  0x00007fcced3d4e35: movsd  %xmm2,0x38(%r9,%r8,8)  ;*dastore
                                                ; - com.altdevblogaday.dodinjava.DOD::main@31 (line 14)
  0x00007fcced3d4e3c: movsd  %xmm0,0x38(%rcx,%r8,8)  ;*dastore
                                                ; - com.altdevblogaday.dodinjava.DOD::main@38 (line 15)
  0x00007fcced3d4e43: movsd  %xmm1,0x38(%r14,%r8,8)  ;*dastore
                                                ; - com.altdevblogaday.dodinjava.DOD::main@45 (line 16)
  0x00007fcced3d4e4a: movsd  %xmm2,0x40(%r9,%r8,8)  ;*dastore
                                                ; - com.altdevblogaday.dodinjava.DOD::main@31 (line 14)
  0x00007fcced3d4e51: movsd  %xmm0,0x40(%rcx,%r8,8)  ;*dastore
                                                ; - com.altdevblogaday.dodinjava.DOD::main@38 (line 15)
  0x00007fcced3d4e58: movsd  %xmm1,0x40(%r14,%r8,8)  ;*dastore
                                                ; - com.altdevblogaday.dodinjava.DOD::main@45 (line 16)
  0x00007fcced3d4e5f: movsd  %xmm2,0x48(%r9,%r8,8)  ;*dastore
                                                ; - com.altdevblogaday.dodinjava.DOD::main@31 (line 14)
  0x00007fcced3d4e66: movsd  %xmm0,0x48(%rcx,%r8,8)  ;*dastore
                                                ; - com.altdevblogaday.dodinjava.DOD::main@38 (line 15)
  0x00007fcced3d4e6d: movsd  %xmm1,0x48(%r14,%r8,8)  ;*dastore
                                                ; - com.altdevblogaday.dodinjava.DOD::main@45 (line 16)
  0x00007fcced3d4e74: cmp    %r10d,%r11d
  0x00007fcced3d4e77: jl     0x00007fcced3d4dc0
  0x00007fcced3d4e7d: cmp    %ebx,%r11d
  0x00007fcced3d4e80: jge    0x00007fcced3d4ea1
  0x00007fcced3d4e82: nop    
  0x00007fcced3d4e83: nop                       ;*aload_1
                                                ; - com.altdevblogaday.dodinjava.DOD::main@25 (line 14)
  0x00007fcced3d4e84: movsd  %xmm2,0x10(%r9,%r11,8)  ;*dastore
                                                ; - com.altdevblogaday.dodinjava.DOD::main@31 (line 14)
  0x00007fcced3d4e8b: movsd  %xmm0,0x10(%rcx,%r11,8)  ;*dastore
                                                ; - com.altdevblogaday.dodinjava.DOD::main@38 (line 15)
  0x00007fcced3d4e92: movsd  %xmm1,0x10(%r14,%r11,8)  ;*dastore
                                                ; - com.altdevblogaday.dodinjava.DOD::main@45 (line 16)
  0x00007fcced3d4e99: inc    %r11d              ;*iinc
                                                ; - com.altdevblogaday.dodinjava.DOD::main@46 (line 12)
  0x00007fcced3d4e9c: cmp    %ebx,%r11d
  0x00007fcced3d4e9f: jl     0x00007fcced3d4e84  ;*if_icmpge
                                                ; - com.altdevblogaday.dodinjava.DOD::main@22 (line 12)
  0x00007fcced3d4ea1: mov    0x70(%r15),%rax
  0x00007fcced3d4ea5: mov    %rax,%r10
  0x00007fcced3d4ea8: add    $0x18,%r10
  0x00007fcced3d4eac: cmp    0x80(%r15),%r10
  0x00007fcced3d4eb3: jae    0x00007fcced3d50d4
  0x00007fcced3d4eb9: mov    %r10,0x70(%r15)
  0x00007fcced3d4ebd: prefetchnta 0x100(%r10)
  0x00007fcced3d4ec5: mov    $0xbd2b71f0,%r10d  ;   {oop(&apos;com/altdevblogaday/dodinjava/Vectors&apos;)}
  0x00007fcced3d4ecb: mov    0xb0(%r10),%r10
  0x00007fcced3d4ed2: mov    %r10,(%rax)
  0x00007fcced3d4ed5: movl   $0xbd2b71f0,0x8(%rax)  ;*new
                                                ; - com.altdevblogaday.dodinjava.DOD::main@52 (line 18)
                                                ;   {oop(&apos;com/altdevblogaday/dodinjava/Vectors&apos;)}
  0x00007fcced3d4edc: mov    %r9,%r11
  0x00007fcced3d4edf: push   %r10
  0x00007fcced3d4ee1: cmp    0x50f76b8(%rip),%r12        # 0x00007fccf24cc5a0
                                                ;   {external_word}
  0x00007fcced3d4ee8: je     0x00007fcced3d4f65
  0x00007fcced3d4eee: mov    %rsp,-0x28(%rsp)
  0x00007fcced3d4ef3: sub    $0x80,%rsp
  0x00007fcced3d4efa: mov    %rax,0x78(%rsp)
  0x00007fcced3d4eff: mov    %rcx,0x70(%rsp)
  0x00007fcced3d4f04: mov    %rdx,0x68(%rsp)
  0x00007fcced3d4f09: mov    %rbx,0x60(%rsp)
  0x00007fcced3d4f0e: mov    %rbp,0x50(%rsp)
  0x00007fcced3d4f13: mov    %rsi,0x48(%rsp)
  0x00007fcced3d4f18: mov    %rdi,0x40(%rsp)
  0x00007fcced3d4f1d: mov    %r8,0x38(%rsp)
  0x00007fcced3d4f22: mov    %r9,0x30(%rsp)
  0x00007fcced3d4f27: mov    %r10,0x28(%rsp)
  0x00007fcced3d4f2c: mov    %r11,0x20(%rsp)
  0x00007fcced3d4f31: mov    %r12,0x18(%rsp)
  0x00007fcced3d4f36: mov    %r13,0x10(%rsp)
  0x00007fcced3d4f3b: mov    %r14,0x8(%rsp)
  0x00007fcced3d4f40: mov    %r15,(%rsp)
  0x00007fcced3d4f44: mov    $0x7fccf21827a0,%rdi  ;   {external_word}
  0x00007fcced3d4f4e: mov    $0x7fcced3d4eee,%rsi  ;   {internal_word}
  0x00007fcced3d4f58: mov    %rsp,%rdx
  0x00007fcced3d4f5b: and    $0xfffffffffffffff0,%rsp
  0x00007fcced3d4f5f: callq  0x00007fccf174ed00  ;   {runtime_call}
  0x00007fcced3d4f64: hlt    
  0x00007fcced3d4f65: pop    %r10
  0x00007fcced3d4f67: mov    %r11d,0xc(%rax)    ;*putfield x
                                                ; - com.altdevblogaday.dodinjava.Vectors::&lt;init&gt;@6 (line 11)
                                                ; - com.altdevblogaday.dodinjava.DOD::main@59 (line 18)
  0x00007fcced3d4f6b: mov    %rcx,%r11
  0x00007fcced3d4f6e: push   %r10
  0x00007fcced3d4f70: cmp    0x50f7629(%rip),%r12        # 0x00007fccf24cc5a0
                                                ;   {external_word}
  0x00007fcced3d4f77: je     0x00007fcced3d4ff4
  0x00007fcced3d4f7d: mov    %rsp,-0x28(%rsp)
  0x00007fcced3d4f82: sub    $0x80,%rsp
  0x00007fcced3d4f89: mov    %rax,0x78(%rsp)
  0x00007fcced3d4f8e: mov    %rcx,0x70(%rsp)
  0x00007fcced3d4f93: mov    %rdx,0x68(%rsp)
  0x00007fcced3d4f98: mov    %rbx,0x60(%rsp)
  0x00007fcced3d4f9d: mov    %rbp,0x50(%rsp)
  0x00007fcced3d4fa2: mov    %rsi,0x48(%rsp)
  0x00007fcced3d4fa7: mov    %rdi,0x40(%rsp)
  0x00007fcced3d4fac: mov    %r8,0x38(%rsp)
  0x00007fcced3d4fb1: mov    %r9,0x30(%rsp)
  0x00007fcced3d4fb6: mov    %r10,0x28(%rsp)
  0x00007fcced3d4fbb: mov    %r11,0x20(%rsp)
  0x00007fcced3d4fc0: mov    %r12,0x18(%rsp)
  0x00007fcced3d4fc5: mov    %r13,0x10(%rsp)
  0x00007fcced3d4fca: mov    %r14,0x8(%rsp)
  0x00007fcced3d4fcf: mov    %r15,(%rsp)
  0x00007fcced3d4fd3: mov    $0x7fccf21827a0,%rdi  ;   {external_word}
  0x00007fcced3d4fdd: mov    $0x7fcced3d4f7d,%rsi  ;   {internal_word}
  0x00007fcced3d4fe7: mov    %rsp,%rdx
  0x00007fcced3d4fea: and    $0xfffffffffffffff0,%rsp
  0x00007fcced3d4fee: callq  0x00007fccf174ed00  ;   {runtime_call}
  0x00007fcced3d4ff3: hlt    
  0x00007fcced3d4ff4: pop    %r10
  0x00007fcced3d4ff6: mov    %r11d,0x10(%rax)   ;*putfield y
                                                ; - com.altdevblogaday.dodinjava.Vectors::&lt;init&gt;@11 (line 12)
                                                ; - com.altdevblogaday.dodinjava.DOD::main@59 (line 18)
  0x00007fcced3d4ffa: mov    %r14,%r11
  0x00007fcced3d4ffd: push   %r10
  0x00007fcced3d4fff: cmp    0x50f759a(%rip),%r12        # 0x00007fccf24cc5a0
                                                ;   {external_word}
  0x00007fcced3d5006: je     0x00007fcced3d5083
  0x00007fcced3d500c: mov    %rsp,-0x28(%rsp)
  0x00007fcced3d5011: sub    $0x80,%rsp
  0x00007fcced3d5018: mov    %rax,0x78(%rsp)
  0x00007fcced3d501d: mov    %rcx,0x70(%rsp)
  0x00007fcced3d5022: mov    %rdx,0x68(%rsp)
  0x00007fcced3d5027: mov    %rbx,0x60(%rsp)
  0x00007fcced3d502c: mov    %rbp,0x50(%rsp)
  0x00007fcced3d5031: mov    %rsi,0x48(%rsp)
  0x00007fcced3d5036: mov    %rdi,0x40(%rsp)
  0x00007fcced3d503b: mov    %r8,0x38(%rsp)
  0x00007fcced3d5040: mov    %r9,0x30(%rsp)
  0x00007fcced3d5045: mov    %r10,0x28(%rsp)
  0x00007fcced3d504a: mov    %r11,0x20(%rsp)
  0x00007fcced3d504f: mov    %r12,0x18(%rsp)
  0x00007fcced3d5054: mov    %r13,0x10(%rsp)
  0x00007fcced3d5059: mov    %r14,0x8(%rsp)
  0x00007fcced3d505e: mov    %r15,(%rsp)
  0x00007fcced3d5062: mov    $0x7fccf21827a0,%rdi  ;   {external_word}
  0x00007fcced3d506c: mov    $0x7fcced3d500c,%rsi  ;   {internal_word}
  0x00007fcced3d5076: mov    %rsp,%rdx
  0x00007fcced3d5079: and    $0xfffffffffffffff0,%rsp
  0x00007fcced3d507d: callq  0x00007fccf174ed00  ;   {runtime_call}
  0x00007fcced3d5082: hlt    
  0x00007fcced3d5083: pop    %r10
  0x00007fcced3d5085: mov    %r11d,0x14(%rax)
  0x00007fcced3d5089: mov    %rax,%rbp          ;*new  ; - com.altdevblogaday.dodinjava.DOD::main@52 (line 18)
  0x00007fcced3d508c: mov    %rbp,%r10
  0x00007fcced3d508f: shr    $0x9,%r10
  0x00007fcced3d5093: mov    $0x7fccecade000,%r11
  0x00007fcced3d509d: mov    %r12b,(%r11,%r10,1)  ;*invokespecial &lt;init&gt;
                                                ; - com.altdevblogaday.dodinjava.DOD::main@59 (line 18)
  0x00007fcced3d50a1: mov    %rbp,%rsi
  0x00007fcced3d50a4: nop    
  0x00007fcced3d50a5: nop    
  0x00007fcced3d50a6: nop    
  0x00007fcced3d50a7: callq  0x00007fcced3acc20  ; OopMap{rbp=Oop off=1068}
                                                ;*invokestatic multiply
                                                ; - com.altdevblogaday.dodinjava.DOD::main@66 (line 19)
                                                ;   {static_call}
  0x00007fcced3d50ac: mov    $0x34,%esi
  0x00007fcced3d50b1: nop    
  0x00007fcced3d50b2: nop    
  0x00007fcced3d50b3: callq  0x00007fcced3abea0  ; OopMap{rbp=Oop off=1080}
                                                ;*getstatic out
                                                ; - com.altdevblogaday.dodinjava.DOD::main@69 (line 20)
                                                ;   {runtime_call}
  0x00007fcced3d50b8: callq  0x00007fccf1ef2de0  ;*getstatic out
                                                ; - com.altdevblogaday.dodinjava.DOD::main@69 (line 20)
                                                ;   {runtime_call}
  0x00007fcced3d50bd: xor    %r9d,%r9d
  0x00007fcced3d50c0: jmpq   0x00007fcced3d4cd8
  0x00007fcced3d50c5: xor    %ecx,%ecx
  0x00007fcced3d50c7: jmpq   0x00007fcced3d4cf5
  0x00007fcced3d50cc: xor    %r14d,%r14d
  0x00007fcced3d50cf: jmpq   0x00007fcced3d4d0f
  0x00007fcced3d50d4: mov    %rcx,0x8(%rsp)
  0x00007fcced3d50d9: mov    %r9,(%rsp)
  0x00007fcced3d50dd: mov    %r14,%rbp          ;*if_icmpge
                                                ; - com.altdevblogaday.dodinjava.DOD::main@22 (line 12)
  0x00007fcced3d50e0: mov    $0xbd2b71f0,%rsi   ;   {oop(&apos;com/altdevblogaday/dodinjava/Vectors&apos;)}
  0x00007fcced3d50ea: nop    
  0x00007fcced3d50eb: callq  0x00007fcced3d1ca0  ; OopMap{rbp=Oop [0]=Oop [8]=Oop off=1136}
                                                ;*new  ; - com.altdevblogaday.dodinjava.DOD::main@52 (line 18)
                                                ;   {runtime_call}
  0x00007fcced3d50f0: mov    %rbp,%r14
  0x00007fcced3d50f3: mov    (%rsp),%r9
  0x00007fcced3d50f7: mov    0x8(%rsp),%rcx
  0x00007fcced3d50fc: jmpq   0x00007fcced3d4edc
  0x00007fcced3d5101: mov    $0xffffff86,%esi
  0x00007fcced3d5106: mov    %r9,(%rsp)
  0x00007fcced3d510a: mov    %rcx,0x8(%rsp)
  0x00007fcced3d510f: mov    %r14,0x10(%rsp)
  0x00007fcced3d5114: nop    
  0x00007fcced3d5115: nop    
  0x00007fcced3d5116: nop    
  0x00007fcced3d5117: callq  0x00007fcced3abea0  ; OopMap{[0]=Oop [8]=Oop [16]=Oop off=1180}
                                                ;*aload_1
                                                ; - com.altdevblogaday.dodinjava.DOD::main@25 (line 14)
                                                ;   {runtime_call}
  0x00007fcced3d511c: callq  0x00007fccf1ef2de0  ;   {runtime_call}
  0x00007fcced3d5121: mov    $0xffffffad,%esi
  0x00007fcced3d5126: mov    %r14,(%rsp)
  0x00007fcced3d512a: mov    %rbx,0x8(%rsp)
  0x00007fcced3d512f: mov    %r13,0x10(%rsp)
  0x00007fcced3d5134: nop    
  0x00007fcced3d5135: nop    
  0x00007fcced3d5136: nop    
  0x00007fcced3d5137: callq  0x00007fcced3abea0  ; OopMap{[0]=Oop [8]=Oop [16]=Oop off=1212}
                                                ;*iload
                                                ; - com.altdevblogaday.dodinjava.DOD::main@18 (line 12)
                                                ;   {runtime_call}
  0x00007fcced3d513c: callq  0x00007fccf1ef2de0  ;   {runtime_call}
  0x00007fcced3d5141: mov    $0xfffffff6,%esi
  0x00007fcced3d5146: nop    
  0x00007fcced3d5147: callq  0x00007fcced3abea0  ; OopMap{off=1228}
                                                ;*arraylength
                                                ; - com.altdevblogaday.dodinjava.DOD::main@21 (line 12)
                                                ;   {runtime_call}
  0x00007fcced3d514c: callq  0x00007fccf1ef2de0  ;*new
                                                ; - com.altdevblogaday.dodinjava.DOD::main@52 (line 18)
                                                ;   {runtime_call}
  0x00007fcced3d5151: mov    %rax,%rsi
  0x00007fcced3d5154: jmp    0x00007fcced3d5159
  0x00007fcced3d5156: mov    %rax,%rsi          ;*invokestatic multiply
                                                ; - com.altdevblogaday.dodinjava.DOD::main@66 (line 19)
  0x00007fcced3d5159: add    $0x30,%rsp
  0x00007fcced3d515d: pop    %rbp
  0x00007fcced3d515e: jmpq   0x00007fcced3d1560  ;*aload_1
                                                ; - com.altdevblogaday.dodinjava.DOD::main@25 (line 14)
                                                ;   {runtime_call}
  0x00007fcced3d5163: hlt    
  0x00007fcced3d5164: hlt    
  0x00007fcced3d5165: hlt    
  0x00007fcced3d5166: hlt    
  0x00007fcced3d5167: hlt    
  0x00007fcced3d5168: hlt    
  0x00007fcced3d5169: hlt    
  0x00007fcced3d516a: hlt    
  0x00007fcced3d516b: hlt    
  0x00007fcced3d516c: hlt    
  0x00007fcced3d516d: hlt    
  0x00007fcced3d516e: hlt    
  0x00007fcced3d516f: hlt    
  0x00007fcced3d5170: hlt    
  0x00007fcced3d5171: hlt    
  0x00007fcced3d5172: hlt    
  0x00007fcced3d5173: hlt    
  0x00007fcced3d5174: hlt    
  0x00007fcced3d5175: hlt    
  0x00007fcced3d5176: hlt    
  0x00007fcced3d5177: hlt    
  0x00007fcced3d5178: hlt    
  0x00007fcced3d5179: hlt    
  0x00007fcced3d517a: hlt    
  0x00007fcced3d517b: hlt    
  0x00007fcced3d517c: hlt    
  0x00007fcced3d517d: hlt    
  0x00007fcced3d517e: hlt    
  0x00007fcced3d517f: hlt    
[Stub Code]
  0x00007fcced3d5180: mov    $0x0,%rbx          ;   {no_reloc}
  0x00007fcced3d518a: jmpq   0x00007fcced3d518a  ;   {runtime_call}
[Exception Handler]
  0x00007fcced3d518f: jmpq   0x00007fcced3bb720  ;   {runtime_call}
[Deopt Handler Code]
  0x00007fcced3d5194: callq  0x00007fcced3d5199
  0x00007fcced3d5199: subq   $0x5,(%rsp)
  0x00007fcced3d519e: jmpq   0x00007fcced3ad7e0  ;   {runtime_call}
  0x00007fcced3d51a3: int3   
  0x00007fcced3d51a4: int3   
  0x00007fcced3d51a5: int3   
  0x00007fcced3d51a6: int3   
  0x00007fcced3d51a7: int3   
<tty_done stamp='0.606'/>
</tty>
<hotspot_log_done stamp='0.606'/>
</hotspot_log>
